<?xml version="1.0" encoding="UTF-8"?>
<coverage generated="1630446315177" clover="3.2.0">
  <project timestamp="1630446315178" name="All files">
    <metrics statements="191" coveredstatements="171" conditionals="39" coveredconditionals="25" methods="11" coveredmethods="9" elements="241" coveredelements="205" complexity="0" loc="191" ncloc="191" packages="1" files="3" classes="3"/>
    <file name="index.ts" path="/Users/colinhemphill/Documents/personal/haversack/src/index.ts">
      <metrics statements="1" coveredstatements="1" conditionals="2" coveredconditionals="2" methods="2" coveredmethods="2"/>
      <line num="1" count="1" type="cond" truecount="2" falsecount="0"/>
    </file>
    <file name="useStorage.ts" path="/Users/colinhemphill/Documents/personal/haversack/src/useStorage.ts">
      <metrics statements="136" coveredstatements="119" conditionals="24" coveredconditionals="14" methods="4" coveredmethods="3"/>
      <line num="1" count="1" type="stmt"/>
      <line num="2" count="1" type="stmt"/>
      <line num="3" count="1" type="stmt"/>
      <line num="4" count="1" type="stmt"/>
      <line num="5" count="1" type="stmt"/>
      <line num="6" count="1" type="stmt"/>
      <line num="7" count="1" type="stmt"/>
      <line num="8" count="1" type="stmt"/>
      <line num="9" count="1" type="stmt"/>
      <line num="10" count="1" type="cond" truecount="1" falsecount="0"/>
      <line num="11" count="20" type="stmt"/>
      <line num="12" count="20" type="stmt"/>
      <line num="13" count="20" type="stmt"/>
      <line num="14" count="20" type="stmt"/>
      <line num="15" count="20" type="stmt"/>
      <line num="16" count="20" type="stmt"/>
      <line num="17" count="20" type="stmt"/>
      <line num="18" count="20" type="stmt"/>
      <line num="19" count="20" type="stmt"/>
      <line num="20" count="20" type="stmt"/>
      <line num="21" count="20" type="stmt"/>
      <line num="22" count="20" type="stmt"/>
      <line num="23" count="20" type="stmt"/>
      <line num="24" count="20" type="stmt"/>
      <line num="25" count="20" type="cond" truecount="1" falsecount="0"/>
      <line num="26" count="10" type="cond" truecount="0" falsecount="1"/>
      <line num="27" count="10" type="stmt"/>
      <line num="28" count="10" type="stmt"/>
      <line num="29" count="10" type="stmt"/>
      <line num="30" count="10" type="stmt"/>
      <line num="31" count="10" type="stmt"/>
      <line num="32" count="10" type="stmt"/>
      <line num="33" count="10" type="cond" truecount="1" falsecount="0"/>
      <line num="34" count="10" type="cond" truecount="0" falsecount="1"/>
      <line num="35" count="10" type="cond" truecount="1" falsecount="0"/>
      <line num="36" count="1" type="stmt"/>
      <line num="37" count="1" type="stmt"/>
      <line num="38" count="1" type="stmt"/>
      <line num="39" count="9" type="cond" truecount="1" falsecount="0"/>
      <line num="40" count="10" type="cond" truecount="2" falsecount="2"/>
      <line num="41" count="20" type="stmt"/>
      <line num="42" count="20" type="stmt"/>
      <line num="43" count="20" type="stmt"/>
      <line num="44" count="20" type="cond" truecount="1" falsecount="0"/>
      <line num="45" count="2" type="stmt"/>
      <line num="46" count="2" type="cond" truecount="0" falsecount="1"/>
      <line num="47" count="2" type="stmt"/>
      <line num="48" count="2" type="stmt"/>
      <line num="49" count="2" type="stmt"/>
      <line num="50" count="2" type="stmt"/>
      <line num="51" count="2" type="stmt"/>
      <line num="52" count="2" type="stmt"/>
      <line num="53" count="2" type="stmt"/>
      <line num="54" count="2" type="stmt"/>
      <line num="55" count="2" type="stmt"/>
      <line num="56" count="2" type="stmt"/>
      <line num="57" count="2" type="stmt"/>
      <line num="58" count="2" type="stmt"/>
      <line num="59" count="2" type="stmt"/>
      <line num="60" count="20" type="stmt"/>
      <line num="61" count="20" type="stmt"/>
      <line num="62" count="20" type="stmt"/>
      <line num="63" count="20" type="stmt"/>
      <line num="64" count="20" type="cond" truecount="1" falsecount="0"/>
      <line num="65" count="2" type="stmt"/>
      <line num="66" count="2" type="stmt"/>
      <line num="67" count="20" type="stmt"/>
      <line num="68" count="20" type="stmt"/>
      <line num="69" count="20" type="stmt"/>
      <line num="70" count="20" type="cond" truecount="1" falsecount="0"/>
      <line num="71" count="6" type="stmt"/>
      <line num="72" count="6" type="stmt"/>
      <line num="73" count="6" type="stmt"/>
      <line num="74" count="6" type="stmt"/>
      <line num="75" count="6" type="stmt"/>
      <line num="76" count="6" type="stmt"/>
      <line num="77" count="6" type="stmt"/>
      <line num="78" count="20" type="stmt"/>
      <line num="79" count="20" type="stmt"/>
      <line num="80" count="20" type="stmt"/>
      <line num="81" count="20" type="stmt"/>
      <line num="82" count="20" type="cond" truecount="1" falsecount="0"/>
      <line num="83" count="10" type="cond" truecount="0" falsecount="1"/>
      <line num="84" count="10" type="stmt"/>
      <line num="85" count="10" type="stmt"/>
      <line num="86" count="0" type="stmt"/>
      <line num="87" count="0" type="stmt"/>
      <line num="88" count="0" type="stmt"/>
      <line num="89" count="0" type="stmt"/>
      <line num="90" count="0" type="stmt"/>
      <line num="91" count="0" type="stmt"/>
      <line num="92" count="0" type="stmt"/>
      <line num="93" count="0" type="stmt"/>
      <line num="94" count="0" type="stmt"/>
      <line num="95" count="10" type="stmt"/>
      <line num="96" count="10" type="stmt"/>
      <line num="97" count="10" type="stmt"/>
      <line num="98" count="10" type="stmt"/>
      <line num="99" count="10" type="cond" truecount="1" falsecount="0"/>
      <line num="100" count="10" type="stmt"/>
      <line num="101" count="10" type="stmt"/>
      <line num="102" count="20" type="stmt"/>
      <line num="103" count="20" type="stmt"/>
      <line num="104" count="20" type="cond" truecount="0" falsecount="1"/>
      <line num="105" count="0" type="stmt"/>
      <line num="106" count="0" type="stmt"/>
      <line num="107" count="0" type="stmt"/>
      <line num="108" count="0" type="stmt"/>
      <line num="109" count="0" type="stmt"/>
      <line num="110" count="0" type="stmt"/>
      <line num="111" count="0" type="stmt"/>
      <line num="112" count="0" type="stmt"/>
      <line num="113" count="20" type="stmt"/>
      <line num="114" count="20" type="stmt"/>
      <line num="115" count="20" type="stmt"/>
      <line num="116" count="20" type="stmt"/>
      <line num="117" count="20" type="stmt"/>
      <line num="118" count="20" type="cond" truecount="0" falsecount="1"/>
      <line num="119" count="20" type="cond" truecount="0" falsecount="1"/>
      <line num="120" count="20" type="cond" truecount="0" falsecount="1"/>
      <line num="121" count="20" type="stmt"/>
      <line num="122" count="20" type="stmt"/>
      <line num="123" count="1" type="stmt"/>
      <line num="124" count="1" type="stmt"/>
      <line num="125" count="1" type="cond" truecount="1" falsecount="0"/>
      <line num="126" count="10" type="stmt"/>
      <line num="127" count="10" type="stmt"/>
      <line num="128" count="10" type="stmt"/>
      <line num="129" count="1" type="stmt"/>
      <line num="130" count="1" type="stmt"/>
      <line num="131" count="1" type="stmt"/>
      <line num="132" count="1" type="cond" truecount="1" falsecount="0"/>
      <line num="133" count="10" type="stmt"/>
      <line num="134" count="10" type="stmt"/>
      <line num="135" count="10" type="stmt"/>
      <line num="136" count="1" type="stmt"/>
    </file>
    <file name="utils.ts" path="/Users/colinhemphill/Documents/personal/haversack/src/utils.ts">
      <metrics statements="54" coveredstatements="51" conditionals="13" coveredconditionals="9" methods="5" coveredmethods="4"/>
      <line num="1" count="1" type="cond" truecount="1" falsecount="0"/>
      <line num="2" count="1" type="stmt"/>
      <line num="3" count="1" type="cond" truecount="1" falsecount="0"/>
      <line num="4" count="6" type="stmt"/>
      <line num="5" count="6" type="stmt"/>
      <line num="6" count="1" type="stmt"/>
      <line num="7" count="1" type="stmt"/>
      <line num="8" count="1" type="stmt"/>
      <line num="9" count="1" type="cond" truecount="1" falsecount="0"/>
      <line num="10" count="11" type="stmt"/>
      <line num="11" count="11" type="stmt"/>
      <line num="12" count="11" type="stmt"/>
      <line num="13" count="11" type="cond" truecount="0" falsecount="1"/>
      <line num="14" count="11" type="stmt"/>
      <line num="15" count="11" type="stmt"/>
      <line num="16" count="11" type="stmt"/>
      <line num="17" count="11" type="cond" truecount="1" falsecount="0"/>
      <line num="18" count="1" type="stmt"/>
      <line num="19" count="1" type="stmt"/>
      <line num="20" count="1" type="stmt"/>
      <line num="21" count="1" type="cond" truecount="0" falsecount="1"/>
      <line num="22" count="1" type="stmt"/>
      <line num="23" count="1" type="stmt"/>
      <line num="24" count="1" type="stmt"/>
      <line num="25" count="1" type="stmt"/>
      <line num="26" count="1" type="stmt"/>
      <line num="27" count="1" type="stmt"/>
      <line num="28" count="11" type="cond" truecount="2" falsecount="0"/>
      <line num="29" count="11" type="cond" truecount="0" falsecount="1"/>
      <line num="30" count="0" type="stmt"/>
      <line num="31" count="0" type="stmt"/>
      <line num="32" count="0" type="stmt"/>
      <line num="33" count="11" type="stmt"/>
      <line num="34" count="1" type="stmt"/>
      <line num="35" count="1" type="cond" truecount="1" falsecount="0"/>
      <line num="36" count="10" type="stmt"/>
      <line num="37" count="10" type="stmt"/>
      <line num="38" count="10" type="stmt"/>
      <line num="39" count="10" type="stmt"/>
      <line num="40" count="10" type="stmt"/>
      <line num="41" count="10" type="stmt"/>
      <line num="42" count="10" type="cond" truecount="0" falsecount="1"/>
      <line num="43" count="10" type="cond" truecount="1" falsecount="0"/>
      <line num="44" count="10" type="stmt"/>
      <line num="45" count="10" type="stmt"/>
      <line num="46" count="10" type="stmt"/>
      <line num="47" count="10" type="stmt"/>
      <line num="48" count="10" type="stmt"/>
      <line num="49" count="10" type="stmt"/>
      <line num="50" count="10" type="stmt"/>
      <line num="51" count="10" type="cond" truecount="1" falsecount="0"/>
      <line num="52" count="1" type="stmt"/>
      <line num="53" count="1" type="stmt"/>
      <line num="54" count="10" type="stmt"/>
    </file>
  </project>
</coverage>
