{"/Users/colinhemphill/Documents/personal/haversack/src/index.ts": {"path":"/Users/colinhemphill/Documents/personal/haversack/src/index.ts","all":false,"statementMap":{"0":{"start":{"line":1,"column":0},"end":{"line":1,"column":66}}},"s":{"0":1},"branchMap":{"0":{"type":"branch","line":1,"loc":{"start":{"line":1,"column":9},"end":{"line":1,"column":26}},"locations":[{"start":{"line":1,"column":9},"end":{"line":1,"column":26}}]},"1":{"type":"branch","line":1,"loc":{"start":{"line":1,"column":26},"end":{"line":1,"column":66}},"locations":[{"start":{"line":1,"column":26},"end":{"line":1,"column":66}}]}},"b":{"0":[10],"1":[10]},"fnMap":{"0":{"name":"get","decl":{"start":{"line":1,"column":9},"end":{"line":1,"column":26}},"loc":{"start":{"line":1,"column":9},"end":{"line":1,"column":26}},"line":1},"1":{"name":"get","decl":{"start":{"line":1,"column":26},"end":{"line":1,"column":66}},"loc":{"start":{"line":1,"column":26},"end":{"line":1,"column":66}},"line":1}},"f":{"0":10,"1":10}}
,"/Users/colinhemphill/Documents/personal/haversack/src/useStorage.ts": {"path":"/Users/colinhemphill/Documents/personal/haversack/src/useStorage.ts","all":false,"statementMap":{"0":{"start":{"line":1,"column":0},"end":{"line":1,"column":57}},"1":{"start":{"line":2,"column":0},"end":{"line":2,"column":8}},"2":{"start":{"line":3,"column":0},"end":{"line":3,"column":11}},"3":{"start":{"line":4,"column":0},"end":{"line":4,"column":15}},"4":{"start":{"line":5,"column":0},"end":{"line":5,"column":7}},"5":{"start":{"line":6,"column":0},"end":{"line":6,"column":22}},"6":{"start":{"line":7,"column":0},"end":{"line":7,"column":22}},"7":{"start":{"line":8,"column":0},"end":{"line":8,"column":17}},"8":{"start":{"line":9,"column":0},"end":{"line":9,"column":0}},"9":{"start":{"line":10,"column":0},"end":{"line":10,"column":23}},"10":{"start":{"line":11,"column":0},"end":{"line":11,"column":27}},"11":{"start":{"line":12,"column":0},"end":{"line":12,"column":18}},"12":{"start":{"line":13,"column":0},"end":{"line":13,"column":19}},"13":{"start":{"line":14,"column":0},"end":{"line":14,"column":20}},"14":{"start":{"line":15,"column":0},"end":{"line":15,"column":4}},"15":{"start":{"line":16,"column":0},"end":{"line":16,"column":55}},"16":{"start":{"line":17,"column":0},"end":{"line":17,"column":25}},"17":{"start":{"line":18,"column":0},"end":{"line":18,"column":31}},"18":{"start":{"line":19,"column":0},"end":{"line":19,"column":19}},"19":{"start":{"line":20,"column":0},"end":{"line":20,"column":12}},"20":{"start":{"line":21,"column":0},"end":{"line":21,"column":20}},"21":{"start":{"line":22,"column":0},"end":{"line":22,"column":6}},"22":{"start":{"line":23,"column":0},"end":{"line":23,"column":29}},"23":{"start":{"line":24,"column":0},"end":{"line":24,"column":0}},"24":{"start":{"line":25,"column":0},"end":{"line":25,"column":77}},"25":{"start":{"line":26,"column":0},"end":{"line":26,"column":43}},"26":{"start":{"line":27,"column":0},"end":{"line":27,"column":0}},"27":{"start":{"line":28,"column":0},"end":{"line":28,"column":58}},"28":{"start":{"line":29,"column":0},"end":{"line":29,"column":0}},"29":{"start":{"line":30,"column":0},"end":{"line":30,"column":60}},"30":{"start":{"line":31,"column":0},"end":{"line":31,"column":54}},"31":{"start":{"line":32,"column":0},"end":{"line":32,"column":33}},"32":{"start":{"line":33,"column":0},"end":{"line":33,"column":19}},"33":{"start":{"line":34,"column":0},"end":{"line":34,"column":72}},"34":{"start":{"line":35,"column":0},"end":{"line":35,"column":32}},"35":{"start":{"line":36,"column":0},"end":{"line":36,"column":42}},"36":{"start":{"line":37,"column":0},"end":{"line":37,"column":36}},"37":{"start":{"line":38,"column":0},"end":{"line":38,"column":5}},"38":{"start":{"line":39,"column":0},"end":{"line":39,"column":0}},"39":{"start":{"line":40,"column":0},"end":{"line":40,"column":54}},"40":{"start":{"line":41,"column":0},"end":{"line":41,"column":5}},"41":{"start":{"line":42,"column":0},"end":{"line":42,"column":0}},"42":{"start":{"line":43,"column":0},"end":{"line":43,"column":33}},"43":{"start":{"line":44,"column":0},"end":{"line":44,"column":41}},"44":{"start":{"line":45,"column":0},"end":{"line":45,"column":28}},"45":{"start":{"line":46,"column":0},"end":{"line":46,"column":78}},"46":{"start":{"line":47,"column":0},"end":{"line":47,"column":62}},"47":{"start":{"line":48,"column":0},"end":{"line":48,"column":22}},"48":{"start":{"line":49,"column":0},"end":{"line":49,"column":32}},"49":{"start":{"line":50,"column":0},"end":{"line":50,"column":11}},"50":{"start":{"line":51,"column":0},"end":{"line":51,"column":16}},"51":{"start":{"line":52,"column":0},"end":{"line":52,"column":9}},"52":{"start":{"line":53,"column":0},"end":{"line":53,"column":51}},"53":{"start":{"line":54,"column":0},"end":{"line":54,"column":20}},"54":{"start":{"line":55,"column":0},"end":{"line":55,"column":12}},"55":{"start":{"line":56,"column":0},"end":{"line":56,"column":21}},"56":{"start":{"line":57,"column":0},"end":{"line":57,"column":11}},"57":{"start":{"line":58,"column":0},"end":{"line":58,"column":16}},"58":{"start":{"line":59,"column":0},"end":{"line":59,"column":8}},"59":{"start":{"line":60,"column":0},"end":{"line":60,"column":6}},"60":{"start":{"line":61,"column":0},"end":{"line":61,"column":50}},"61":{"start":{"line":62,"column":0},"end":{"line":62,"column":4}},"62":{"start":{"line":63,"column":0},"end":{"line":63,"column":0}},"63":{"start":{"line":64,"column":0},"end":{"line":64,"column":40}},"64":{"start":{"line":65,"column":0},"end":{"line":65,"column":23}},"65":{"start":{"line":66,"column":0},"end":{"line":66,"column":40}},"66":{"start":{"line":67,"column":0},"end":{"line":67,"column":25}},"67":{"start":{"line":68,"column":0},"end":{"line":68,"column":0}},"68":{"start":{"line":69,"column":0},"end":{"line":69,"column":31}},"69":{"start":{"line":70,"column":0},"end":{"line":70,"column":19}},"70":{"start":{"line":71,"column":0},"end":{"line":71,"column":28}},"71":{"start":{"line":72,"column":0},"end":{"line":72,"column":22}},"72":{"start":{"line":73,"column":0},"end":{"line":73,"column":20}},"73":{"start":{"line":74,"column":0},"end":{"line":74,"column":11}},"74":{"start":{"line":75,"column":0},"end":{"line":75,"column":16}},"75":{"start":{"line":76,"column":0},"end":{"line":76,"column":9}},"76":{"start":{"line":77,"column":0},"end":{"line":77,"column":67}},"77":{"start":{"line":78,"column":0},"end":{"line":78,"column":6}},"78":{"start":{"line":79,"column":0},"end":{"line":79,"column":32}},"79":{"start":{"line":80,"column":0},"end":{"line":80,"column":4}},"80":{"start":{"line":81,"column":0},"end":{"line":81,"column":0}},"81":{"start":{"line":82,"column":0},"end":{"line":82,"column":19}},"82":{"start":{"line":83,"column":0},"end":{"line":83,"column":20}},"83":{"start":{"line":84,"column":0},"end":{"line":84,"column":0}},"84":{"start":{"line":85,"column":0},"end":{"line":85,"column":54}},"85":{"start":{"line":86,"column":0},"end":{"line":86,"column":55}},"86":{"start":{"line":87,"column":0},"end":{"line":87,"column":42}},"87":{"start":{"line":88,"column":0},"end":{"line":88,"column":23}},"88":{"start":{"line":89,"column":0},"end":{"line":89,"column":55}},"89":{"start":{"line":90,"column":0},"end":{"line":90,"column":42}},"90":{"start":{"line":91,"column":0},"end":{"line":91,"column":16}},"91":{"start":{"line":92,"column":0},"end":{"line":92,"column":29}},"92":{"start":{"line":93,"column":0},"end":{"line":93,"column":9}},"93":{"start":{"line":94,"column":0},"end":{"line":94,"column":7}},"94":{"start":{"line":95,"column":0},"end":{"line":95,"column":6}},"95":{"start":{"line":96,"column":0},"end":{"line":96,"column":0}},"96":{"start":{"line":97,"column":0},"end":{"line":97,"column":60}},"97":{"start":{"line":98,"column":0},"end":{"line":98,"column":0}},"98":{"start":{"line":99,"column":0},"end":{"line":99,"column":18}},"99":{"start":{"line":100,"column":0},"end":{"line":100,"column":65}},"100":{"start":{"line":101,"column":0},"end":{"line":101,"column":6}},"101":{"start":{"line":102,"column":0},"end":{"line":102,"column":17}},"102":{"start":{"line":103,"column":0},"end":{"line":103,"column":0}},"103":{"start":{"line":104,"column":0},"end":{"line":104,"column":12}},"104":{"start":{"line":105,"column":0},"end":{"line":105,"column":12}},"105":{"start":{"line":106,"column":0},"end":{"line":106,"column":23}},"106":{"start":{"line":107,"column":0},"end":{"line":107,"column":23}},"107":{"start":{"line":108,"column":0},"end":{"line":108,"column":21}},"108":{"start":{"line":109,"column":0},"end":{"line":109,"column":26}},"109":{"start":{"line":110,"column":0},"end":{"line":110,"column":14}},"110":{"start":{"line":111,"column":0},"end":{"line":111,"column":6}},"111":{"start":{"line":112,"column":0},"end":{"line":112,"column":3}},"112":{"start":{"line":113,"column":0},"end":{"line":113,"column":0}},"113":{"start":{"line":114,"column":0},"end":{"line":114,"column":10}},"114":{"start":{"line":115,"column":0},"end":{"line":115,"column":15}},"115":{"start":{"line":116,"column":0},"end":{"line":116,"column":15}},"116":{"start":{"line":117,"column":0},"end":{"line":117,"column":13}},"117":{"start":{"line":118,"column":0},"end":{"line":118,"column":31}},"118":{"start":{"line":119,"column":0},"end":{"line":119,"column":29}},"119":{"start":{"line":120,"column":0},"end":{"line":120,"column":34}},"120":{"start":{"line":121,"column":0},"end":{"line":121,"column":4}},"121":{"start":{"line":122,"column":0},"end":{"line":122,"column":2}},"122":{"start":{"line":123,"column":0},"end":{"line":123,"column":0}},"123":{"start":{"line":124,"column":0},"end":{"line":124,"column":77}},"124":{"start":{"line":125,"column":0},"end":{"line":125,"column":48}},"125":{"start":{"line":126,"column":0},"end":{"line":126,"column":18}},"126":{"start":{"line":127,"column":0},"end":{"line":127,"column":19}},"127":{"start":{"line":128,"column":0},"end":{"line":128,"column":20}},"128":{"start":{"line":129,"column":0},"end":{"line":129,"column":60}},"129":{"start":{"line":130,"column":0},"end":{"line":130,"column":0}},"130":{"start":{"line":131,"column":0},"end":{"line":131,"column":77}},"131":{"start":{"line":132,"column":0},"end":{"line":132,"column":50}},"132":{"start":{"line":133,"column":0},"end":{"line":133,"column":18}},"133":{"start":{"line":134,"column":0},"end":{"line":134,"column":19}},"134":{"start":{"line":135,"column":0},"end":{"line":135,"column":20}},"135":{"start":{"line":136,"column":0},"end":{"line":136,"column":62}}},"s":{"0":1,"1":1,"2":1,"3":1,"4":1,"5":1,"6":1,"7":1,"8":1,"9":1,"10":20,"11":20,"12":20,"13":20,"14":20,"15":20,"16":20,"17":20,"18":20,"19":20,"20":20,"21":20,"22":20,"23":20,"24":20,"25":10,"26":10,"27":10,"28":10,"29":10,"30":10,"31":10,"32":10,"33":10,"34":10,"35":1,"36":1,"37":1,"38":9,"39":10,"40":20,"41":20,"42":20,"43":20,"44":2,"45":2,"46":2,"47":2,"48":2,"49":2,"50":2,"51":2,"52":2,"53":2,"54":2,"55":2,"56":2,"57":2,"58":2,"59":20,"60":20,"61":20,"62":20,"63":20,"64":2,"65":2,"66":20,"67":20,"68":20,"69":20,"70":6,"71":6,"72":6,"73":6,"74":6,"75":6,"76":6,"77":20,"78":20,"79":20,"80":20,"81":20,"82":10,"83":10,"84":10,"85":0,"86":0,"87":0,"88":0,"89":0,"90":0,"91":0,"92":0,"93":0,"94":10,"95":10,"96":10,"97":10,"98":10,"99":10,"100":10,"101":20,"102":20,"103":20,"104":0,"105":0,"106":0,"107":0,"108":0,"109":0,"110":0,"111":0,"112":20,"113":20,"114":20,"115":20,"116":20,"117":20,"118":20,"119":20,"120":20,"121":20,"122":1,"123":1,"124":1,"125":10,"126":10,"127":10,"128":1,"129":1,"130":1,"131":1,"132":10,"133":10,"134":10,"135":1},"branchMap":{"0":{"type":"branch","line":10,"loc":{"start":{"line":10,"column":19},"end":{"line":122,"column":2}},"locations":[{"start":{"line":10,"column":19},"end":{"line":122,"column":2}}]},"1":{"type":"branch","line":104,"loc":{"start":{"line":104,"column":11},"end":{"line":112,"column":3}},"locations":[{"start":{"line":104,"column":11},"end":{"line":112,"column":3}}]},"2":{"type":"branch","line":118,"loc":{"start":{"line":118,"column":26},"end":{"line":118,"column":28}},"locations":[{"start":{"line":118,"column":26},"end":{"line":118,"column":28}}]},"3":{"type":"branch","line":119,"loc":{"start":{"line":119,"column":22},"end":{"line":119,"column":24}},"locations":[{"start":{"line":119,"column":22},"end":{"line":119,"column":24}}]},"4":{"type":"branch","line":120,"loc":{"start":{"line":120,"column":24},"end":{"line":120,"column":26}},"locations":[{"start":{"line":120,"column":24},"end":{"line":120,"column":26}}]},"5":{"type":"branch","line":25,"loc":{"start":{"line":25,"column":70},"end":{"line":41,"column":3}},"locations":[{"start":{"line":25,"column":70},"end":{"line":41,"column":3}}]},"6":{"type":"branch","line":26,"loc":{"start":{"line":26,"column":13},"end":{"line":26,"column":43}},"locations":[{"start":{"line":26,"column":13},"end":{"line":26,"column":43}}]},"7":{"type":"branch","line":33,"loc":{"start":{"line":33,"column":16},"end":{"line":34,"column":71}},"locations":[{"start":{"line":33,"column":16},"end":{"line":34,"column":71}}]},"8":{"type":"branch","line":34,"loc":{"start":{"line":34,"column":42},"end":{"line":34,"column":70}},"locations":[{"start":{"line":34,"column":42},"end":{"line":34,"column":70}}]},"9":{"type":"branch","line":35,"loc":{"start":{"line":35,"column":31},"end":{"line":38,"column":5}},"locations":[{"start":{"line":35,"column":31},"end":{"line":38,"column":5}}]},"10":{"type":"branch","line":39,"loc":{"start":{"line":39,"column":-1},"end":{"line":40,"column":17}},"locations":[{"start":{"line":39,"column":-1},"end":{"line":40,"column":17}}]},"11":{"type":"branch","line":40,"loc":{"start":{"line":40,"column":15},"end":{"line":40,"column":17}},"locations":[{"start":{"line":40,"column":15},"end":{"line":40,"column":17}}]},"12":{"type":"branch","line":40,"loc":{"start":{"line":40,"column":15},"end":{"line":40,"column":21}},"locations":[{"start":{"line":40,"column":15},"end":{"line":40,"column":21}}]},"13":{"type":"branch","line":40,"loc":{"start":{"line":40,"column":22},"end":{"line":40,"column":28}},"locations":[{"start":{"line":40,"column":22},"end":{"line":40,"column":28}}]},"14":{"type":"branch","line":40,"loc":{"start":{"line":40,"column":29},"end":{"line":40,"column":53}},"locations":[{"start":{"line":40,"column":29},"end":{"line":40,"column":53}}]},"15":{"type":"branch","line":44,"loc":{"start":{"line":44,"column":4},"end":{"line":60,"column":5}},"locations":[{"start":{"line":44,"column":4},"end":{"line":60,"column":5}}]},"16":{"type":"branch","line":46,"loc":{"start":{"line":46,"column":73},"end":{"line":46,"column":77}},"locations":[{"start":{"line":46,"column":73},"end":{"line":46,"column":77}}]},"17":{"type":"branch","line":64,"loc":{"start":{"line":64,"column":33},"end":{"line":67,"column":3}},"locations":[{"start":{"line":64,"column":33},"end":{"line":67,"column":3}}]},"18":{"type":"branch","line":70,"loc":{"start":{"line":70,"column":4},"end":{"line":78,"column":5}},"locations":[{"start":{"line":70,"column":4},"end":{"line":78,"column":5}}]},"19":{"type":"branch","line":82,"loc":{"start":{"line":82,"column":12},"end":{"line":102,"column":3}},"locations":[{"start":{"line":82,"column":12},"end":{"line":102,"column":3}}]},"20":{"type":"branch","line":83,"loc":{"start":{"line":83,"column":13},"end":{"line":83,"column":20}},"locations":[{"start":{"line":83,"column":13},"end":{"line":83,"column":20}}]},"21":{"type":"branch","line":99,"loc":{"start":{"line":99,"column":11},"end":{"line":101,"column":5}},"locations":[{"start":{"line":99,"column":11},"end":{"line":101,"column":5}}]},"22":{"type":"branch","line":125,"loc":{"start":{"line":125,"column":31},"end":{"line":129,"column":15}},"locations":[{"start":{"line":125,"column":31},"end":{"line":129,"column":15}}]},"23":{"type":"branch","line":132,"loc":{"start":{"line":132,"column":33},"end":{"line":136,"column":15}},"locations":[{"start":{"line":132,"column":33},"end":{"line":136,"column":15}}]}},"b":{"0":[20],"1":[0],"2":[0],"3":[0],"4":[0],"5":[10],"6":[0],"7":[1],"8":[0],"9":[1],"10":[9],"11":[0],"12":[9],"13":[0],"14":[9],"15":[2],"16":[0],"17":[2],"18":[6],"19":[10],"20":[0],"21":[10],"22":[10],"23":[10]},"fnMap":{"0":{"name":"useStorage","decl":{"start":{"line":10,"column":19},"end":{"line":122,"column":2}},"loc":{"start":{"line":10,"column":19},"end":{"line":122,"column":2}},"line":10},"1":{"name":"storageEventHandler","decl":{"start":{"line":85,"column":32},"end":{"line":95,"column":5}},"loc":{"start":{"line":85,"column":32},"end":{"line":95,"column":5}},"line":85},"2":{"name":"useLocalStorage","decl":{"start":{"line":125,"column":31},"end":{"line":129,"column":15}},"loc":{"start":{"line":125,"column":31},"end":{"line":129,"column":15}},"line":125},"3":{"name":"useSessionStorage","decl":{"start":{"line":132,"column":33},"end":{"line":136,"column":15}},"loc":{"start":{"line":132,"column":33},"end":{"line":136,"column":15}},"line":132}},"f":{"0":20,"1":0,"2":10,"3":10}}
,"/Users/colinhemphill/Documents/personal/haversack/src/utils.ts": {"path":"/Users/colinhemphill/Documents/personal/haversack/src/utils.ts","all":false,"statementMap":{"0":{"start":{"line":1,"column":0},"end":{"line":1,"column":73}},"1":{"start":{"line":2,"column":0},"end":{"line":2,"column":0}},"2":{"start":{"line":3,"column":0},"end":{"line":3,"column":48}},"3":{"start":{"line":4,"column":0},"end":{"line":4,"column":45}},"4":{"start":{"line":5,"column":0},"end":{"line":5,"column":2}},"5":{"start":{"line":6,"column":0},"end":{"line":6,"column":0}},"6":{"start":{"line":7,"column":0},"end":{"line":7,"column":42}},"7":{"start":{"line":8,"column":0},"end":{"line":8,"column":0}},"8":{"start":{"line":9,"column":0},"end":{"line":9,"column":39}},"9":{"start":{"line":10,"column":0},"end":{"line":10,"column":27}},"10":{"start":{"line":11,"column":0},"end":{"line":11,"column":14}},"11":{"start":{"line":12,"column":0},"end":{"line":12,"column":27}},"12":{"start":{"line":13,"column":0},"end":{"line":13,"column":32}},"13":{"start":{"line":14,"column":0},"end":{"line":14,"column":7}},"14":{"start":{"line":15,"column":0},"end":{"line":15,"column":51}},"15":{"start":{"line":16,"column":0},"end":{"line":16,"column":20}},"16":{"start":{"line":17,"column":0},"end":{"line":17,"column":16}},"17":{"start":{"line":18,"column":0},"end":{"line":18,"column":54}},"18":{"start":{"line":19,"column":0},"end":{"line":19,"column":37}},"19":{"start":{"line":20,"column":0},"end":{"line":20,"column":27}},"20":{"start":{"line":21,"column":0},"end":{"line":21,"column":69}},"21":{"start":{"line":22,"column":0},"end":{"line":22,"column":21}},"22":{"start":{"line":23,"column":0},"end":{"line":23,"column":13}},"23":{"start":{"line":24,"column":0},"end":{"line":24,"column":22}},"24":{"start":{"line":25,"column":0},"end":{"line":25,"column":31}},"25":{"start":{"line":26,"column":0},"end":{"line":26,"column":8}},"26":{"start":{"line":27,"column":0},"end":{"line":27,"column":5}},"27":{"start":{"line":28,"column":0},"end":{"line":28,"column":42}},"28":{"start":{"line":29,"column":0},"end":{"line":29,"column":19}},"29":{"start":{"line":30,"column":0},"end":{"line":30,"column":25}},"30":{"start":{"line":31,"column":0},"end":{"line":31,"column":14}},"31":{"start":{"line":32,"column":0},"end":{"line":32,"column":3}},"32":{"start":{"line":33,"column":0},"end":{"line":33,"column":2}},"33":{"start":{"line":34,"column":0},"end":{"line":34,"column":0}},"34":{"start":{"line":35,"column":0},"end":{"line":35,"column":39}},"35":{"start":{"line":36,"column":0},"end":{"line":36,"column":27}},"36":{"start":{"line":37,"column":0},"end":{"line":37,"column":14}},"37":{"start":{"line":38,"column":0},"end":{"line":38,"column":11}},"38":{"start":{"line":39,"column":0},"end":{"line":39,"column":12}},"39":{"start":{"line":40,"column":0},"end":{"line":40,"column":20}},"40":{"start":{"line":41,"column":0},"end":{"line":41,"column":12}},"41":{"start":{"line":42,"column":0},"end":{"line":42,"column":29}},"42":{"start":{"line":43,"column":0},"end":{"line":43,"column":37}},"43":{"start":{"line":44,"column":0},"end":{"line":44,"column":7}},"44":{"start":{"line":45,"column":0},"end":{"line":45,"column":40}},"45":{"start":{"line":46,"column":0},"end":{"line":46,"column":18}},"46":{"start":{"line":47,"column":0},"end":{"line":47,"column":20}},"47":{"start":{"line":48,"column":0},"end":{"line":48,"column":14}},"48":{"start":{"line":49,"column":0},"end":{"line":49,"column":7}},"49":{"start":{"line":50,"column":0},"end":{"line":50,"column":50}},"50":{"start":{"line":51,"column":0},"end":{"line":51,"column":19}},"51":{"start":{"line":52,"column":0},"end":{"line":52,"column":25}},"52":{"start":{"line":53,"column":0},"end":{"line":53,"column":3}},"53":{"start":{"line":54,"column":0},"end":{"line":54,"column":2}}},"s":{"0":1,"1":1,"2":1,"3":6,"4":6,"5":1,"6":1,"7":1,"8":1,"9":11,"10":11,"11":11,"12":11,"13":11,"14":11,"15":11,"16":11,"17":1,"18":1,"19":1,"20":1,"21":1,"22":1,"23":1,"24":1,"25":1,"26":1,"27":11,"28":11,"29":0,"30":0,"31":0,"32":11,"33":1,"34":1,"35":10,"36":10,"37":10,"38":10,"39":10,"40":10,"41":10,"42":10,"43":10,"44":10,"45":10,"46":10,"47":10,"48":10,"49":10,"50":10,"51":1,"52":1,"53":10},"branchMap":{"0":{"type":"branch","line":1,"loc":{"start":{"line":1,"column":28},"end":{"line":1,"column":50}},"locations":[{"start":{"line":1,"column":28},"end":{"line":1,"column":50}}]},"1":{"type":"branch","line":3,"loc":{"start":{"line":3,"column":24},"end":{"line":5,"column":2}},"locations":[{"start":{"line":3,"column":24},"end":{"line":5,"column":2}}]},"2":{"type":"branch","line":9,"loc":{"start":{"line":9,"column":35},"end":{"line":33,"column":2}},"locations":[{"start":{"line":9,"column":35},"end":{"line":33,"column":2}}]},"3":{"type":"branch","line":13,"loc":{"start":{"line":13,"column":22},"end":{"line":13,"column":32}},"locations":[{"start":{"line":13,"column":22},"end":{"line":13,"column":32}}]},"4":{"type":"branch","line":17,"loc":{"start":{"line":17,"column":15},"end":{"line":27,"column":5}},"locations":[{"start":{"line":17,"column":15},"end":{"line":27,"column":5}}]},"5":{"type":"branch","line":21,"loc":{"start":{"line":21,"column":39},"end":{"line":21,"column":56}},"locations":[{"start":{"line":21,"column":39},"end":{"line":21,"column":56}}]},"6":{"type":"branch","line":28,"loc":{"start":{"line":28,"column":23},"end":{"line":28,"column":36}},"locations":[{"start":{"line":28,"column":23},"end":{"line":28,"column":36}}]},"7":{"type":"branch","line":28,"loc":{"start":{"line":28,"column":37},"end":{"line":28,"column":41}},"locations":[{"start":{"line":28,"column":37},"end":{"line":28,"column":41}}]},"8":{"type":"branch","line":29,"loc":{"start":{"line":29,"column":4},"end":{"line":32,"column":3}},"locations":[{"start":{"line":29,"column":4},"end":{"line":32,"column":3}}]},"9":{"type":"branch","line":35,"loc":{"start":{"line":35,"column":35},"end":{"line":54,"column":2}},"locations":[{"start":{"line":35,"column":35},"end":{"line":54,"column":2}}]},"10":{"type":"branch","line":42,"loc":{"start":{"line":42,"column":22},"end":{"line":42,"column":29}},"locations":[{"start":{"line":42,"column":22},"end":{"line":42,"column":29}}]},"11":{"type":"branch","line":43,"loc":{"start":{"line":43,"column":22},"end":{"line":43,"column":36}},"locations":[{"start":{"line":43,"column":22},"end":{"line":43,"column":36}}]},"12":{"type":"branch","line":51,"loc":{"start":{"line":51,"column":4},"end":{"line":53,"column":3}},"locations":[{"start":{"line":51,"column":4},"end":{"line":53,"column":3}}]}},"b":{"0":[41],"1":[6],"2":[11],"3":[0],"4":[1],"5":[0],"6":[1],"7":[10],"8":[0],"9":[10],"10":[0],"11":[1],"12":[1]},"fnMap":{"0":{"name":"isServerSide","decl":{"start":{"line":1,"column":28},"end":{"line":1,"column":50}},"loc":{"start":{"line":1,"column":28},"end":{"line":1,"column":50}},"line":1},"1":{"name":"isObject","decl":{"start":{"line":3,"column":24},"end":{"line":5,"column":2}},"loc":{"start":{"line":3,"column":24},"end":{"line":5,"column":2}},"line":3},"2":{"name":"noop","decl":{"start":{"line":7,"column":20},"end":{"line":7,"column":41}},"loc":{"start":{"line":7,"column":20},"end":{"line":7,"column":41}},"line":7},"3":{"name":"safeGetStorageValue","decl":{"start":{"line":9,"column":35},"end":{"line":33,"column":2}},"loc":{"start":{"line":9,"column":35},"end":{"line":33,"column":2}},"line":9},"4":{"name":"safeSetStorageValue","decl":{"start":{"line":35,"column":35},"end":{"line":54,"column":2}},"loc":{"start":{"line":35,"column":35},"end":{"line":54,"column":2}},"line":35}},"f":{"0":41,"1":6,"2":0,"3":11,"4":10}}
}
