{"/Users/colinhemphill/Documents/personal/haversack/src/index.ts": {"path":"/Users/colinhemphill/Documents/personal/haversack/src/index.ts","statementMap":{"0":{"start":{"line":1,"column":0},"end":{"line":1,"column":66}}},"s":{"0":1},"branchMap":{"0":{"type":"branch","line":1,"loc":{"start":{"line":1,"column":66},"end":{"line":1,"column":66}},"locations":[{"start":{"line":1,"column":66},"end":{"line":1,"column":66}}]},"1":{"type":"branch","line":1,"loc":{"start":{"line":1,"column":66},"end":{"line":1,"column":66}},"locations":[{"start":{"line":1,"column":66},"end":{"line":1,"column":66}}]},"2":{"type":"branch","line":1,"loc":{"start":{"line":1,"column":9},"end":{"line":1,"column":26}},"locations":[{"start":{"line":1,"column":9},"end":{"line":1,"column":26}}]},"3":{"type":"branch","line":1,"loc":{"start":{"line":1,"column":24},"end":{"line":1,"column":26}},"locations":[{"start":{"line":1,"column":24},"end":{"line":1,"column":26}}]},"4":{"type":"branch","line":1,"loc":{"start":{"line":1,"column":26},"end":{"line":1,"column":66}},"locations":[{"start":{"line":1,"column":26},"end":{"line":1,"column":66}}]},"5":{"type":"branch","line":1,"loc":{"start":{"line":1,"column":43},"end":{"line":1,"column":66}},"locations":[{"start":{"line":1,"column":43},"end":{"line":1,"column":66}}]}},"b":{"0":[2],"1":[2],"2":[10],"3":[0],"4":[10],"5":[0]},"fnMap":{"0":{"name":"Object.<anonymous>","decl":{"start":{"line":1,"column":66},"end":{"line":1,"column":66}},"loc":{"start":{"line":1,"column":66},"end":{"line":1,"column":66}},"line":1},"1":{"name":"get","decl":{"start":{"line":1,"column":9},"end":{"line":1,"column":26}},"loc":{"start":{"line":1,"column":9},"end":{"line":1,"column":26}},"line":1},"2":{"name":"get","decl":{"start":{"line":1,"column":26},"end":{"line":1,"column":66}},"loc":{"start":{"line":1,"column":26},"end":{"line":1,"column":66}},"line":1}},"f":{"0":2,"1":10,"2":10}}
,"/Users/colinhemphill/Documents/personal/haversack/src/storageEvent.ts": {"path":"/Users/colinhemphill/Documents/personal/haversack/src/storageEvent.ts","statementMap":{"0":{"start":{"line":1,"column":0},"end":{"line":1,"column":47}},"1":{"start":{"line":2,"column":0},"end":{"line":2,"column":14}},"2":{"start":{"line":3,"column":0},"end":{"line":3,"column":52}},"3":{"start":{"line":4,"column":0},"end":{"line":4,"column":31}},"4":{"start":{"line":5,"column":0},"end":{"line":5,"column":51}},"5":{"start":{"line":6,"column":0},"end":{"line":6,"column":53}},"6":{"start":{"line":7,"column":0},"end":{"line":7,"column":40}},"7":{"start":{"line":8,"column":0},"end":{"line":8,"column":21}},"8":{"start":{"line":9,"column":0},"end":{"line":9,"column":53}},"9":{"start":{"line":10,"column":0},"end":{"line":10,"column":41}},"10":{"start":{"line":11,"column":0},"end":{"line":11,"column":7}},"11":{"start":{"line":12,"column":0},"end":{"line":12,"column":26}},"12":{"start":{"line":13,"column":0},"end":{"line":13,"column":5}},"13":{"start":{"line":14,"column":0},"end":{"line":14,"column":5}},"14":{"start":{"line":15,"column":0},"end":{"line":15,"column":2}}},"s":{"0":1,"1":20,"2":20,"3":20,"4":20,"5":0,"6":0,"7":0,"8":0,"9":0,"10":0,"11":0,"12":0,"13":20,"14":0},"branchMap":{"0":{"type":"branch","line":15,"loc":{"start":{"line":15,"column":2},"end":{"line":15,"column":2}},"locations":[{"start":{"line":15,"column":2},"end":{"line":15,"column":2}}]},"1":{"type":"branch","line":15,"loc":{"start":{"line":15,"column":2},"end":{"line":15,"column":2}},"locations":[{"start":{"line":15,"column":2},"end":{"line":15,"column":2}}]},"2":{"type":"branch","line":1,"loc":{"start":{"line":1,"column":43},"end":{"line":15,"column":2}},"locations":[{"start":{"line":1,"column":43},"end":{"line":15,"column":2}}]},"3":{"type":"branch","line":14,"loc":{"start":{"line":14,"column":5},"end":{"line":15,"column":2}},"locations":[{"start":{"line":14,"column":5},"end":{"line":15,"column":2}}]}},"b":{"0":[2],"1":[2],"2":[20],"3":[0]},"fnMap":{"0":{"name":"Object.<anonymous>","decl":{"start":{"line":15,"column":2},"end":{"line":15,"column":2}},"loc":{"start":{"line":15,"column":2},"end":{"line":15,"column":2}},"line":15},"1":{"name":"Object.<anonymous>.exports.registerStorageEventHandler","decl":{"start":{"line":1,"column":43},"end":{"line":15,"column":2}},"loc":{"start":{"line":1,"column":43},"end":{"line":15,"column":2}},"line":1},"2":{"name":"window.onstorage","decl":{"start":{"line":5,"column":29},"end":{"line":14,"column":3}},"loc":{"start":{"line":5,"column":29},"end":{"line":14,"column":3}},"line":5}},"f":{"0":2,"1":20,"2":0}}
,"/Users/colinhemphill/Documents/personal/haversack/src/useStorage.ts": {"path":"/Users/colinhemphill/Documents/personal/haversack/src/useStorage.ts","statementMap":{"0":{"start":{"line":1,"column":0},"end":{"line":1,"column":33}},"1":{"start":{"line":2,"column":0},"end":{"line":2,"column":61}},"2":{"start":{"line":3,"column":0},"end":{"line":3,"column":8}},"3":{"start":{"line":4,"column":0},"end":{"line":4,"column":11}},"4":{"start":{"line":5,"column":0},"end":{"line":5,"column":15}},"5":{"start":{"line":6,"column":0},"end":{"line":6,"column":7}},"6":{"start":{"line":7,"column":0},"end":{"line":7,"column":22}},"7":{"start":{"line":8,"column":0},"end":{"line":8,"column":22}},"8":{"start":{"line":9,"column":0},"end":{"line":9,"column":17}},"9":{"start":{"line":10,"column":0},"end":{"line":10,"column":0}},"10":{"start":{"line":11,"column":0},"end":{"line":11,"column":23}},"11":{"start":{"line":12,"column":0},"end":{"line":12,"column":27}},"12":{"start":{"line":13,"column":0},"end":{"line":13,"column":18}},"13":{"start":{"line":14,"column":0},"end":{"line":14,"column":19}},"14":{"start":{"line":15,"column":0},"end":{"line":15,"column":4}},"15":{"start":{"line":16,"column":0},"end":{"line":16,"column":51}},"16":{"start":{"line":17,"column":0},"end":{"line":17,"column":25}},"17":{"start":{"line":18,"column":0},"end":{"line":18,"column":31}},"18":{"start":{"line":19,"column":0},"end":{"line":19,"column":19}},"19":{"start":{"line":20,"column":0},"end":{"line":20,"column":12}},"20":{"start":{"line":21,"column":0},"end":{"line":21,"column":6}},"21":{"start":{"line":22,"column":0},"end":{"line":22,"column":23}},"22":{"start":{"line":23,"column":0},"end":{"line":23,"column":12}},"23":{"start":{"line":24,"column":0},"end":{"line":24,"column":23}},"24":{"start":{"line":25,"column":0},"end":{"line":25,"column":23}},"25":{"start":{"line":26,"column":0},"end":{"line":26,"column":21}},"26":{"start":{"line":27,"column":0},"end":{"line":27,"column":26}},"27":{"start":{"line":28,"column":0},"end":{"line":28,"column":6}},"28":{"start":{"line":29,"column":0},"end":{"line":29,"column":3}},"29":{"start":{"line":30,"column":0},"end":{"line":30,"column":0}},"30":{"start":{"line":31,"column":0},"end":{"line":31,"column":77}},"31":{"start":{"line":32,"column":0},"end":{"line":32,"column":58}},"32":{"start":{"line":33,"column":0},"end":{"line":33,"column":54}},"33":{"start":{"line":34,"column":0},"end":{"line":34,"column":5}},"34":{"start":{"line":35,"column":0},"end":{"line":35,"column":0}},"35":{"start":{"line":36,"column":0},"end":{"line":36,"column":54}},"36":{"start":{"line":37,"column":0},"end":{"line":37,"column":26}},"37":{"start":{"line":38,"column":0},"end":{"line":38,"column":76}},"38":{"start":{"line":39,"column":0},"end":{"line":39,"column":60}},"39":{"start":{"line":40,"column":0},"end":{"line":40,"column":20}},"40":{"start":{"line":41,"column":0},"end":{"line":41,"column":30}},"41":{"start":{"line":42,"column":0},"end":{"line":42,"column":9}},"42":{"start":{"line":43,"column":0},"end":{"line":43,"column":7}},"43":{"start":{"line":44,"column":0},"end":{"line":44,"column":45}},"44":{"start":{"line":45,"column":0},"end":{"line":45,"column":18}},"45":{"start":{"line":46,"column":0},"end":{"line":46,"column":10}},"46":{"start":{"line":47,"column":0},"end":{"line":47,"column":19}},"47":{"start":{"line":48,"column":0},"end":{"line":48,"column":9}},"48":{"start":{"line":49,"column":0},"end":{"line":49,"column":6}},"49":{"start":{"line":50,"column":0},"end":{"line":50,"column":4}},"50":{"start":{"line":51,"column":0},"end":{"line":51,"column":0}},"51":{"start":{"line":52,"column":0},"end":{"line":52,"column":28}},"52":{"start":{"line":53,"column":0},"end":{"line":53,"column":23}},"53":{"start":{"line":54,"column":0},"end":{"line":54,"column":40}},"54":{"start":{"line":55,"column":0},"end":{"line":55,"column":4}},"55":{"start":{"line":56,"column":0},"end":{"line":56,"column":0}},"56":{"start":{"line":57,"column":0},"end":{"line":57,"column":34}},"57":{"start":{"line":58,"column":0},"end":{"line":58,"column":26}},"58":{"start":{"line":59,"column":0},"end":{"line":59,"column":20}},"59":{"start":{"line":60,"column":0},"end":{"line":60,"column":18}},"60":{"start":{"line":61,"column":0},"end":{"line":61,"column":9}},"61":{"start":{"line":62,"column":0},"end":{"line":62,"column":7}},"62":{"start":{"line":63,"column":0},"end":{"line":63,"column":56}},"63":{"start":{"line":64,"column":0},"end":{"line":64,"column":4}},"64":{"start":{"line":65,"column":0},"end":{"line":65,"column":0}},"65":{"start":{"line":66,"column":0},"end":{"line":66,"column":53}},"66":{"start":{"line":67,"column":0},"end":{"line":67,"column":29}},"67":{"start":{"line":68,"column":0},"end":{"line":68,"column":5}},"68":{"start":{"line":69,"column":0},"end":{"line":69,"column":0}},"69":{"start":{"line":70,"column":0},"end":{"line":70,"column":10}},"70":{"start":{"line":71,"column":0},"end":{"line":71,"column":15}},"71":{"start":{"line":72,"column":0},"end":{"line":72,"column":15}},"72":{"start":{"line":73,"column":0},"end":{"line":73,"column":13}},"73":{"start":{"line":74,"column":0},"end":{"line":74,"column":31}},"74":{"start":{"line":75,"column":0},"end":{"line":75,"column":29}},"75":{"start":{"line":76,"column":0},"end":{"line":76,"column":4}},"76":{"start":{"line":77,"column":0},"end":{"line":77,"column":2}},"77":{"start":{"line":78,"column":0},"end":{"line":78,"column":0}},"78":{"start":{"line":79,"column":0},"end":{"line":79,"column":48}},"79":{"start":{"line":80,"column":0},"end":{"line":80,"column":18}},"80":{"start":{"line":81,"column":0},"end":{"line":81,"column":19}},"81":{"start":{"line":82,"column":0},"end":{"line":82,"column":51}},"82":{"start":{"line":83,"column":0},"end":{"line":83,"column":0}},"83":{"start":{"line":84,"column":0},"end":{"line":84,"column":50}},"84":{"start":{"line":85,"column":0},"end":{"line":85,"column":18}},"85":{"start":{"line":86,"column":0},"end":{"line":86,"column":19}},"86":{"start":{"line":87,"column":0},"end":{"line":87,"column":53}}},"s":{"0":1,"1":1,"2":1,"3":1,"4":1,"5":1,"6":1,"7":1,"8":1,"9":1,"10":1,"11":20,"12":20,"13":20,"14":20,"15":20,"16":20,"17":20,"18":20,"19":20,"20":20,"21":20,"22":0,"23":0,"24":0,"25":0,"26":0,"27":0,"28":0,"29":20,"30":20,"31":10,"32":10,"33":20,"34":20,"35":20,"36":2,"37":2,"38":2,"39":2,"40":2,"41":2,"42":2,"43":2,"44":2,"45":2,"46":2,"47":2,"48":2,"49":20,"50":20,"51":20,"52":2,"53":2,"54":20,"55":20,"56":20,"57":6,"58":6,"59":6,"60":6,"61":6,"62":6,"63":20,"64":20,"65":20,"66":0,"67":20,"68":20,"69":20,"70":20,"71":20,"72":20,"73":20,"74":20,"75":20,"76":0,"77":1,"78":1,"79":10,"80":10,"81":1,"82":1,"83":1,"84":10,"85":10,"86":1},"branchMap":{"0":{"type":"branch","line":87,"loc":{"start":{"line":87,"column":53},"end":{"line":87,"column":53}},"locations":[{"start":{"line":87,"column":53},"end":{"line":87,"column":53}}]},"1":{"type":"branch","line":87,"loc":{"start":{"line":87,"column":53},"end":{"line":87,"column":53}},"locations":[{"start":{"line":87,"column":53},"end":{"line":87,"column":53}}]},"2":{"type":"branch","line":11,"loc":{"start":{"line":11,"column":19},"end":{"line":77,"column":2}},"locations":[{"start":{"line":11,"column":19},"end":{"line":77,"column":2}}]},"3":{"type":"branch","line":22,"loc":{"start":{"line":22,"column":22},"end":{"line":29,"column":3}},"locations":[{"start":{"line":22,"column":22},"end":{"line":29,"column":3}}]},"4":{"type":"branch","line":74,"loc":{"start":{"line":74,"column":26},"end":{"line":74,"column":28}},"locations":[{"start":{"line":74,"column":26},"end":{"line":74,"column":28}}]},"5":{"type":"branch","line":75,"loc":{"start":{"line":75,"column":22},"end":{"line":75,"column":24}},"locations":[{"start":{"line":75,"column":22},"end":{"line":75,"column":24}}]},"6":{"type":"branch","line":76,"loc":{"start":{"line":76,"column":4},"end":{"line":77,"column":2}},"locations":[{"start":{"line":76,"column":4},"end":{"line":77,"column":2}}]},"7":{"type":"branch","line":31,"loc":{"start":{"line":31,"column":70},"end":{"line":34,"column":3}},"locations":[{"start":{"line":31,"column":70},"end":{"line":34,"column":3}}]},"8":{"type":"branch","line":33,"loc":{"start":{"line":33,"column":15},"end":{"line":33,"column":17}},"locations":[{"start":{"line":33,"column":15},"end":{"line":33,"column":17}}]},"9":{"type":"branch","line":33,"loc":{"start":{"line":33,"column":22},"end":{"line":33,"column":28}},"locations":[{"start":{"line":33,"column":22},"end":{"line":33,"column":28}}]},"10":{"type":"branch","line":33,"loc":{"start":{"line":33,"column":54},"end":{"line":34,"column":3}},"locations":[{"start":{"line":33,"column":54},"end":{"line":34,"column":3}}]},"11":{"type":"branch","line":36,"loc":{"start":{"line":36,"column":21},"end":{"line":50,"column":3}},"locations":[{"start":{"line":36,"column":21},"end":{"line":50,"column":3}}]},"12":{"type":"branch","line":38,"loc":{"start":{"line":38,"column":71},"end":{"line":38,"column":75}},"locations":[{"start":{"line":38,"column":71},"end":{"line":38,"column":75}}]},"13":{"type":"branch","line":52,"loc":{"start":{"line":52,"column":21},"end":{"line":55,"column":3}},"locations":[{"start":{"line":52,"column":21},"end":{"line":55,"column":3}}]},"14":{"type":"branch","line":57,"loc":{"start":{"line":57,"column":19},"end":{"line":64,"column":3}},"locations":[{"start":{"line":57,"column":19},"end":{"line":64,"column":3}}]},"15":{"type":"branch","line":79,"loc":{"start":{"line":79,"column":31},"end":{"line":82,"column":15}},"locations":[{"start":{"line":79,"column":31},"end":{"line":82,"column":15}}]},"16":{"type":"branch","line":82,"loc":{"start":{"line":82,"column":50},"end":{"line":82,"column":51}},"locations":[{"start":{"line":82,"column":50},"end":{"line":82,"column":51}}]},"17":{"type":"branch","line":84,"loc":{"start":{"line":84,"column":33},"end":{"line":87,"column":15}},"locations":[{"start":{"line":84,"column":33},"end":{"line":87,"column":15}}]},"18":{"type":"branch","line":87,"loc":{"start":{"line":87,"column":52},"end":{"line":87,"column":53}},"locations":[{"start":{"line":87,"column":52},"end":{"line":87,"column":53}}]}},"b":{"0":[2],"1":[2],"2":[20],"3":[0],"4":[0],"5":[0],"6":[0],"7":[10],"8":[0],"9":[0],"10":[0],"11":[2],"12":[0],"13":[2],"14":[6],"15":[10],"16":[0],"17":[10],"18":[0]},"fnMap":{"0":{"name":"Object.<anonymous>","decl":{"start":{"line":87,"column":53},"end":{"line":87,"column":53}},"loc":{"start":{"line":87,"column":53},"end":{"line":87,"column":53}},"line":87},"1":{"name":"useStorage","decl":{"start":{"line":11,"column":19},"end":{"line":77,"column":2}},"loc":{"start":{"line":11,"column":19},"end":{"line":77,"column":2}},"line":11},"2":{"name":"mergeState","decl":{"start":{"line":36,"column":21},"end":{"line":50,"column":3}},"loc":{"start":{"line":36,"column":21},"end":{"line":50,"column":3}},"line":36},"3":{"name":"resetValue","decl":{"start":{"line":52,"column":21},"end":{"line":55,"column":3}},"loc":{"start":{"line":52,"column":21},"end":{"line":55,"column":3}},"line":52},"4":{"name":"setValue","decl":{"start":{"line":57,"column":19},"end":{"line":64,"column":3}},"loc":{"start":{"line":57,"column":19},"end":{"line":64,"column":3}},"line":57},"5":{"name":"Object.<anonymous>.exports.useLocalStorage","decl":{"start":{"line":79,"column":31},"end":{"line":82,"column":15}},"loc":{"start":{"line":79,"column":31},"end":{"line":82,"column":15}},"line":79},"6":{"name":"Object.<anonymous>.exports.useSessionStorage","decl":{"start":{"line":84,"column":33},"end":{"line":87,"column":15}},"loc":{"start":{"line":84,"column":33},"end":{"line":87,"column":15}},"line":84}},"f":{"0":2,"1":20,"2":2,"3":2,"4":6,"5":10,"6":10}}
,"/Users/colinhemphill/Documents/personal/haversack/src/utils.ts": {"path":"/Users/colinhemphill/Documents/personal/haversack/src/utils.ts","statementMap":{"0":{"start":{"line":1,"column":0},"end":{"line":1,"column":73}},"1":{"start":{"line":2,"column":0},"end":{"line":2,"column":0}},"2":{"start":{"line":3,"column":0},"end":{"line":3,"column":48}},"3":{"start":{"line":4,"column":0},"end":{"line":4,"column":43}},"4":{"start":{"line":5,"column":0},"end":{"line":5,"column":2}},"5":{"start":{"line":6,"column":0},"end":{"line":6,"column":0}},"6":{"start":{"line":7,"column":0},"end":{"line":7,"column":42}},"7":{"start":{"line":8,"column":0},"end":{"line":8,"column":0}},"8":{"start":{"line":9,"column":0},"end":{"line":9,"column":39}},"9":{"start":{"line":10,"column":0},"end":{"line":10,"column":27}},"10":{"start":{"line":11,"column":0},"end":{"line":11,"column":14}},"11":{"start":{"line":12,"column":0},"end":{"line":12,"column":27}},"12":{"start":{"line":13,"column":0},"end":{"line":13,"column":7}},"13":{"start":{"line":14,"column":0},"end":{"line":14,"column":51}},"14":{"start":{"line":15,"column":0},"end":{"line":15,"column":20}},"15":{"start":{"line":16,"column":0},"end":{"line":16,"column":16}},"16":{"start":{"line":17,"column":0},"end":{"line":17,"column":45}},"17":{"start":{"line":18,"column":0},"end":{"line":18,"column":37}},"18":{"start":{"line":19,"column":0},"end":{"line":19,"column":21}},"19":{"start":{"line":20,"column":0},"end":{"line":20,"column":13}},"20":{"start":{"line":21,"column":0},"end":{"line":21,"column":22}},"21":{"start":{"line":22,"column":0},"end":{"line":22,"column":8}},"22":{"start":{"line":23,"column":0},"end":{"line":23,"column":5}},"23":{"start":{"line":24,"column":0},"end":{"line":24,"column":42}},"24":{"start":{"line":25,"column":0},"end":{"line":25,"column":19}},"25":{"start":{"line":26,"column":0},"end":{"line":26,"column":25}},"26":{"start":{"line":27,"column":0},"end":{"line":27,"column":14}},"27":{"start":{"line":28,"column":0},"end":{"line":28,"column":3}},"28":{"start":{"line":29,"column":0},"end":{"line":29,"column":2}},"29":{"start":{"line":30,"column":0},"end":{"line":30,"column":0}},"30":{"start":{"line":31,"column":0},"end":{"line":31,"column":39}},"31":{"start":{"line":32,"column":0},"end":{"line":32,"column":27}},"32":{"start":{"line":33,"column":0},"end":{"line":33,"column":14}},"33":{"start":{"line":34,"column":0},"end":{"line":34,"column":11}},"34":{"start":{"line":35,"column":0},"end":{"line":35,"column":12}},"35":{"start":{"line":36,"column":0},"end":{"line":36,"column":12}},"36":{"start":{"line":37,"column":0},"end":{"line":37,"column":37}},"37":{"start":{"line":38,"column":0},"end":{"line":38,"column":7}},"38":{"start":{"line":39,"column":0},"end":{"line":39,"column":40}},"39":{"start":{"line":40,"column":0},"end":{"line":40,"column":18}},"40":{"start":{"line":41,"column":0},"end":{"line":41,"column":20}},"41":{"start":{"line":42,"column":0},"end":{"line":42,"column":7}},"42":{"start":{"line":43,"column":0},"end":{"line":43,"column":50}},"43":{"start":{"line":44,"column":0},"end":{"line":44,"column":19}},"44":{"start":{"line":45,"column":0},"end":{"line":45,"column":25}},"45":{"start":{"line":46,"column":0},"end":{"line":46,"column":3}},"46":{"start":{"line":47,"column":0},"end":{"line":47,"column":2}}},"s":{"0":1,"1":1,"2":1,"3":6,"4":0,"5":1,"6":1,"7":1,"8":1,"9":11,"10":11,"11":11,"12":11,"13":11,"14":11,"15":11,"16":1,"17":1,"18":1,"19":1,"20":1,"21":1,"22":1,"23":11,"24":0,"25":0,"26":0,"27":0,"28":0,"29":1,"30":1,"31":10,"32":10,"33":10,"34":10,"35":10,"36":10,"37":10,"38":10,"39":10,"40":10,"41":10,"42":10,"43":10,"44":1,"45":1,"46":10},"branchMap":{"0":{"type":"branch","line":47,"loc":{"start":{"line":47,"column":2},"end":{"line":47,"column":2}},"locations":[{"start":{"line":47,"column":2},"end":{"line":47,"column":2}}]},"1":{"type":"branch","line":47,"loc":{"start":{"line":47,"column":2},"end":{"line":47,"column":2}},"locations":[{"start":{"line":47,"column":2},"end":{"line":47,"column":2}}]},"2":{"type":"branch","line":1,"loc":{"start":{"line":1,"column":28},"end":{"line":1,"column":50}},"locations":[{"start":{"line":1,"column":28},"end":{"line":1,"column":50}}]},"3":{"type":"branch","line":1,"loc":{"start":{"line":1,"column":72},"end":{"line":1,"column":73}},"locations":[{"start":{"line":1,"column":72},"end":{"line":1,"column":73}}]},"4":{"type":"branch","line":3,"loc":{"start":{"line":3,"column":24},"end":{"line":5,"column":2}},"locations":[{"start":{"line":3,"column":24},"end":{"line":5,"column":2}}]},"5":{"type":"branch","line":4,"loc":{"start":{"line":4,"column":43},"end":{"line":5,"column":2}},"locations":[{"start":{"line":4,"column":43},"end":{"line":5,"column":2}}]},"6":{"type":"branch","line":9,"loc":{"start":{"line":9,"column":35},"end":{"line":29,"column":2}},"locations":[{"start":{"line":9,"column":35},"end":{"line":29,"column":2}}]},"7":{"type":"branch","line":16,"loc":{"start":{"line":16,"column":15},"end":{"line":23,"column":5}},"locations":[{"start":{"line":16,"column":15},"end":{"line":23,"column":5}}]},"8":{"type":"branch","line":24,"loc":{"start":{"line":24,"column":23},"end":{"line":24,"column":36}},"locations":[{"start":{"line":24,"column":23},"end":{"line":24,"column":36}}]},"9":{"type":"branch","line":24,"loc":{"start":{"line":24,"column":37},"end":{"line":24,"column":41}},"locations":[{"start":{"line":24,"column":37},"end":{"line":24,"column":41}}]},"10":{"type":"branch","line":24,"loc":{"start":{"line":24,"column":42},"end":{"line":29,"column":2}},"locations":[{"start":{"line":24,"column":42},"end":{"line":29,"column":2}}]},"11":{"type":"branch","line":31,"loc":{"start":{"line":31,"column":35},"end":{"line":47,"column":2}},"locations":[{"start":{"line":31,"column":35},"end":{"line":47,"column":2}}]},"12":{"type":"branch","line":37,"loc":{"start":{"line":37,"column":22},"end":{"line":37,"column":36}},"locations":[{"start":{"line":37,"column":22},"end":{"line":37,"column":36}}]},"13":{"type":"branch","line":44,"loc":{"start":{"line":44,"column":4},"end":{"line":46,"column":3}},"locations":[{"start":{"line":44,"column":4},"end":{"line":46,"column":3}}]}},"b":{"0":[3],"1":[3],"2":[20],"3":[0],"4":[6],"5":[0],"6":[11],"7":[1],"8":[1],"9":[10],"10":[0],"11":[10],"12":[1],"13":[1]},"fnMap":{"0":{"name":"Object.<anonymous>","decl":{"start":{"line":47,"column":2},"end":{"line":47,"column":2}},"loc":{"start":{"line":47,"column":2},"end":{"line":47,"column":2}},"line":47},"1":{"name":"Object.<anonymous>.exports.isServerSide","decl":{"start":{"line":1,"column":28},"end":{"line":1,"column":50}},"loc":{"start":{"line":1,"column":28},"end":{"line":1,"column":50}},"line":1},"2":{"name":"Object.<anonymous>.exports.isObject","decl":{"start":{"line":3,"column":24},"end":{"line":5,"column":2}},"loc":{"start":{"line":3,"column":24},"end":{"line":5,"column":2}},"line":3},"3":{"name":"Object.<anonymous>.exports.noop","decl":{"start":{"line":7,"column":20},"end":{"line":7,"column":41}},"loc":{"start":{"line":7,"column":20},"end":{"line":7,"column":41}},"line":7},"4":{"name":"Object.<anonymous>.exports.safeGetStorageValue","decl":{"start":{"line":9,"column":35},"end":{"line":29,"column":2}},"loc":{"start":{"line":9,"column":35},"end":{"line":29,"column":2}},"line":9},"5":{"name":"Object.<anonymous>.exports.safeSetStorageValue","decl":{"start":{"line":31,"column":35},"end":{"line":47,"column":2}},"loc":{"start":{"line":31,"column":35},"end":{"line":47,"column":2}},"line":31}},"f":{"0":3,"1":20,"2":6,"3":0,"4":11,"5":10}}
}
