TN:
SF:src/index.ts
FN:1,Object.<anonymous>
FN:1,get
FN:1,get
FNF:3
FNH:3
FNDA:2,Object.<anonymous>
FNDA:10,get
FNDA:10,get
DA:1,1
LF:1
LH:1
BRDA:1,0,0,2
BRDA:1,1,0,2
BRDA:1,2,0,10
BRDA:1,3,0,0
BRDA:1,4,0,10
BRDA:1,5,0,0
BRF:6
BRH:4
end_of_record
TN:
SF:src/storageEvent.ts
FN:15,Object.<anonymous>
FN:1,Object.<anonymous>.exports.registerStorageEventHandler
FN:5,window.onstorage
FNF:3
FNH:2
FNDA:2,Object.<anonymous>
FNDA:20,Object.<anonymous>.exports.registerStorageEventHandler
FNDA:0,window.onstorage
DA:1,1
DA:2,20
DA:3,20
DA:4,20
DA:5,20
DA:6,0
DA:7,0
DA:8,0
DA:9,0
DA:10,0
DA:11,0
DA:12,0
DA:13,0
DA:14,20
DA:15,0
LF:15
LH:6
BRDA:15,0,0,2
BRDA:15,1,0,2
BRDA:1,2,0,20
BRDA:14,3,0,0
BRF:4
BRH:3
end_of_record
TN:
SF:src/useStorage.ts
FN:87,Object.<anonymous>
FN:11,useStorage
FN:36,mergeState
FN:52,resetValue
FN:57,setValue
FN:79,Object.<anonymous>.exports.useLocalStorage
FN:84,Object.<anonymous>.exports.useSessionStorage
FNF:7
FNH:7
FNDA:2,Object.<anonymous>
FNDA:20,useStorage
FNDA:2,mergeState
FNDA:2,resetValue
FNDA:6,setValue
FNDA:10,Object.<anonymous>.exports.useLocalStorage
FNDA:10,Object.<anonymous>.exports.useSessionStorage
DA:1,1
DA:2,1
DA:3,1
DA:4,1
DA:5,1
DA:6,1
DA:7,1
DA:8,1
DA:9,1
DA:10,1
DA:11,1
DA:12,20
DA:13,20
DA:14,20
DA:15,20
DA:16,20
DA:17,20
DA:18,20
DA:19,20
DA:20,20
DA:21,20
DA:22,20
DA:23,0
DA:24,0
DA:25,0
DA:26,0
DA:27,0
DA:28,0
DA:29,0
DA:30,20
DA:31,20
DA:32,10
DA:33,10
DA:34,20
DA:35,20
DA:36,20
DA:37,2
DA:38,2
DA:39,2
DA:40,2
DA:41,2
DA:42,2
DA:43,2
DA:44,2
DA:45,2
DA:46,2
DA:47,2
DA:48,2
DA:49,2
DA:50,20
DA:51,20
DA:52,20
DA:53,2
DA:54,2
DA:55,20
DA:56,20
DA:57,20
DA:58,6
DA:59,6
DA:60,6
DA:61,6
DA:62,6
DA:63,6
DA:64,20
DA:65,20
DA:66,20
DA:67,0
DA:68,20
DA:69,20
DA:70,20
DA:71,20
DA:72,20
DA:73,20
DA:74,20
DA:75,20
DA:76,20
DA:77,0
DA:78,1
DA:79,1
DA:80,10
DA:81,10
DA:82,1
DA:83,1
DA:84,1
DA:85,10
DA:86,10
DA:87,1
LF:87
LH:78
BRDA:87,0,0,2
BRDA:87,1,0,2
BRDA:11,2,0,20
BRDA:22,3,0,0
BRDA:74,4,0,0
BRDA:75,5,0,0
BRDA:76,6,0,0
BRDA:31,7,0,10
BRDA:33,8,0,0
BRDA:33,9,0,0
BRDA:33,10,0,0
BRDA:36,11,0,2
BRDA:38,12,0,0
BRDA:52,13,0,2
BRDA:57,14,0,6
BRDA:79,15,0,10
BRDA:82,16,0,0
BRDA:84,17,0,10
BRDA:87,18,0,0
BRF:19
BRH:9
end_of_record
TN:
SF:src/utils.ts
FN:47,Object.<anonymous>
FN:1,Object.<anonymous>.exports.isServerSide
FN:3,Object.<anonymous>.exports.isObject
FN:7,Object.<anonymous>.exports.noop
FN:9,Object.<anonymous>.exports.safeGetStorageValue
FN:31,Object.<anonymous>.exports.safeSetStorageValue
FNF:6
FNH:5
FNDA:3,Object.<anonymous>
FNDA:20,Object.<anonymous>.exports.isServerSide
FNDA:6,Object.<anonymous>.exports.isObject
FNDA:0,Object.<anonymous>.exports.noop
FNDA:11,Object.<anonymous>.exports.safeGetStorageValue
FNDA:10,Object.<anonymous>.exports.safeSetStorageValue
DA:1,1
DA:2,1
DA:3,1
DA:4,6
DA:5,0
DA:6,1
DA:7,1
DA:8,1
DA:9,1
DA:10,11
DA:11,11
DA:12,11
DA:13,11
DA:14,11
DA:15,11
DA:16,11
DA:17,1
DA:18,1
DA:19,1
DA:20,1
DA:21,1
DA:22,1
DA:23,1
DA:24,11
DA:25,0
DA:26,0
DA:27,0
DA:28,0
DA:29,0
DA:30,1
DA:31,1
DA:32,10
DA:33,10
DA:34,10
DA:35,10
DA:36,10
DA:37,10
DA:38,10
DA:39,10
DA:40,10
DA:41,10
DA:42,10
DA:43,10
DA:44,10
DA:45,1
DA:46,1
DA:47,10
LF:47
LH:41
BRDA:47,0,0,3
BRDA:47,1,0,3
BRDA:1,2,0,20
BRDA:1,3,0,0
BRDA:3,4,0,6
BRDA:4,5,0,0
BRDA:9,6,0,11
BRDA:16,7,0,1
BRDA:24,8,0,1
BRDA:24,9,0,10
BRDA:24,10,0,0
BRDA:31,11,0,10
BRDA:37,12,0,1
BRDA:44,13,0,1
BRF:14
BRH:11
end_of_record
