TN:
SF:src/index.ts
FN:1,get
FN:1,get
FNF:2
FNH:2
FNDA:10,get
FNDA:10,get
DA:1,1
LF:1
LH:1
BRDA:1,0,0,10
BRDA:1,1,0,10
BRF:2
BRH:2
end_of_record
TN:
SF:src/useStorage.ts
FN:10,useStorage
FN:85,storageEventHandler
FN:125,useLocalStorage
FN:132,useSessionStorage
FNF:4
FNH:3
FNDA:20,useStorage
FNDA:0,storageEventHandler
FNDA:10,useLocalStorage
FNDA:10,useSessionStorage
DA:1,1
DA:2,1
DA:3,1
DA:4,1
DA:5,1
DA:6,1
DA:7,1
DA:8,1
DA:9,1
DA:10,1
DA:11,20
DA:12,20
DA:13,20
DA:14,20
DA:15,20
DA:16,20
DA:17,20
DA:18,20
DA:19,20
DA:20,20
DA:21,20
DA:22,20
DA:23,20
DA:24,20
DA:25,20
DA:26,10
DA:27,10
DA:28,10
DA:29,10
DA:30,10
DA:31,10
DA:32,10
DA:33,10
DA:34,10
DA:35,10
DA:36,1
DA:37,1
DA:38,1
DA:39,9
DA:40,10
DA:41,20
DA:42,20
DA:43,20
DA:44,20
DA:45,2
DA:46,2
DA:47,2
DA:48,2
DA:49,2
DA:50,2
DA:51,2
DA:52,2
DA:53,2
DA:54,2
DA:55,2
DA:56,2
DA:57,2
DA:58,2
DA:59,2
DA:60,20
DA:61,20
DA:62,20
DA:63,20
DA:64,20
DA:65,2
DA:66,2
DA:67,20
DA:68,20
DA:69,20
DA:70,20
DA:71,6
DA:72,6
DA:73,6
DA:74,6
DA:75,6
DA:76,6
DA:77,6
DA:78,20
DA:79,20
DA:80,20
DA:81,20
DA:82,20
DA:83,10
DA:84,10
DA:85,10
DA:86,0
DA:87,0
DA:88,0
DA:89,0
DA:90,0
DA:91,0
DA:92,0
DA:93,0
DA:94,0
DA:95,10
DA:96,10
DA:97,10
DA:98,10
DA:99,10
DA:100,10
DA:101,10
DA:102,20
DA:103,20
DA:104,20
DA:105,0
DA:106,0
DA:107,0
DA:108,0
DA:109,0
DA:110,0
DA:111,0
DA:112,0
DA:113,20
DA:114,20
DA:115,20
DA:116,20
DA:117,20
DA:118,20
DA:119,20
DA:120,20
DA:121,20
DA:122,20
DA:123,1
DA:124,1
DA:125,1
DA:126,10
DA:127,10
DA:128,10
DA:129,1
DA:130,1
DA:131,1
DA:132,1
DA:133,10
DA:134,10
DA:135,10
DA:136,1
LF:136
LH:119
BRDA:10,0,0,20
BRDA:104,1,0,0
BRDA:118,2,0,0
BRDA:119,3,0,0
BRDA:120,4,0,0
BRDA:25,5,0,10
BRDA:26,6,0,0
BRDA:33,7,0,1
BRDA:34,8,0,0
BRDA:35,9,0,1
BRDA:39,10,0,9
BRDA:40,11,0,0
BRDA:40,12,0,9
BRDA:40,13,0,0
BRDA:40,14,0,9
BRDA:44,15,0,2
BRDA:46,16,0,0
BRDA:64,17,0,2
BRDA:70,18,0,6
BRDA:82,19,0,10
BRDA:83,20,0,0
BRDA:99,21,0,10
BRDA:125,22,0,10
BRDA:132,23,0,10
BRF:24
BRH:14
end_of_record
TN:
SF:src/utils.ts
FN:1,isServerSide
FN:3,isObject
FN:7,noop
FN:9,safeGetStorageValue
FN:35,safeSetStorageValue
FNF:5
FNH:4
FNDA:41,isServerSide
FNDA:6,isObject
FNDA:0,noop
FNDA:11,safeGetStorageValue
FNDA:10,safeSetStorageValue
DA:1,1
DA:2,1
DA:3,1
DA:4,6
DA:5,6
DA:6,1
DA:7,1
DA:8,1
DA:9,1
DA:10,11
DA:11,11
DA:12,11
DA:13,11
DA:14,11
DA:15,11
DA:16,11
DA:17,11
DA:18,1
DA:19,1
DA:20,1
DA:21,1
DA:22,1
DA:23,1
DA:24,1
DA:25,1
DA:26,1
DA:27,1
DA:28,11
DA:29,11
DA:30,0
DA:31,0
DA:32,0
DA:33,11
DA:34,1
DA:35,1
DA:36,10
DA:37,10
DA:38,10
DA:39,10
DA:40,10
DA:41,10
DA:42,10
DA:43,10
DA:44,10
DA:45,10
DA:46,10
DA:47,10
DA:48,10
DA:49,10
DA:50,10
DA:51,10
DA:52,1
DA:53,1
DA:54,10
LF:54
LH:51
BRDA:1,0,0,41
BRDA:3,1,0,6
BRDA:9,2,0,11
BRDA:13,3,0,0
BRDA:17,4,0,1
BRDA:21,5,0,0
BRDA:28,6,0,1
BRDA:28,7,0,10
BRDA:29,8,0,0
BRDA:35,9,0,10
BRDA:42,10,0,0
BRDA:43,11,0,1
BRDA:51,12,0,1
BRF:13
BRH:9
end_of_record
